<?xml version="1.0" encoding="UTF-8"?>
<!-- Generated by org.testng.reporters.JUnitXMLReporter -->
<testsuite hostname="DESKTOP-049QI7N" ignored="0" name="Test" tests="2" failures="1" timestamp="05 Dec 2019 16:23:11 GMT" time="7.976" errors="0">
  <testcase name="tc_001_testOne" time="0.003" classname="com.app.androidapp.scripts.TC_001_TestScript1"/>
  <testcase name="tc_002_testTwo" time="0.002" classname="com.app.androidapp.scripts.TC_002_TestScript2">
    <failure type="java.lang.AssertionError" message="null">
      <![CDATA[java.lang.AssertionError: null
at com.app.androidapp.scripts.TC_002_TestScript2.tc_002_testTwo(TC_002_TestScript2.java:14)
... Removed 27 stack frames]]>
    </failure>
  </testcase> <!-- tc_002_testTwo -->
</testsuite> <!-- Test -->
