<?xml version="1.0" encoding="UTF-8"?>
<testng-results skipped="0" failed="0" ignored="0" total="1" passed="1">
  <reporter-output>
  </reporter-output>
  <suite name="Suite" duration-ms="28363" started-at="2019-12-10T06:02:29Z" finished-at="2019-12-10T06:02:57Z">
    <groups>
    </groups>
    <test name="SmokeSuite" duration-ms="28363" started-at="2019-12-10T06:02:29Z" finished-at="2019-12-10T06:02:57Z">
      <class name="com.app.androidapp.scripts.TC_001_TestScript1">
        <test-method status="PASS" signature="_LaunchApp()[pri:0, instance:com.app.androidapp.scripts.TC_001_TestScript1@37374a5e]" name="_LaunchApp" is-config="true" duration-ms="17343" started-at="2019-12-10T06:02:29Z" finished-at="2019-12-10T06:02:46Z">
          <reporter-output>
          </reporter-output>
        </test-method> <!-- _LaunchApp -->
        <test-method status="PASS" signature="tc_001_testOne()[pri:0, instance:com.app.androidapp.scripts.TC_001_TestScript1@37374a5e]" name="tc_001_testOne" duration-ms="10730" started-at="2019-12-10T06:02:46Z" finished-at="2019-12-10T06:02:57Z">
          <reporter-output>
          </reporter-output>
        </test-method> <!-- tc_001_testOne -->
        <test-method status="PASS" signature="shutDownApp()[pri:0, instance:com.app.androidapp.scripts.TC_001_TestScript1@37374a5e]" name="shutDownApp" is-config="true" duration-ms="1" started-at="2019-12-10T06:02:57Z" finished-at="2019-12-10T06:02:57Z">
          <reporter-output>
          </reporter-output>
        </test-method> <!-- shutDownApp -->
      </class> <!-- com.app.androidapp.scripts.TC_001_TestScript1 -->
    </test> <!-- SmokeSuite -->
  </suite> <!-- Suite -->
</testng-results>
